<?xml version="1.0" encoding="UTF-8"?>
<testng-results ignored="0" total="1" passed="1" failed="0" skipped="0">
  <reporter-output>
  </reporter-output>
  <suite started-at="2022-11-10T13:06:08 IST" name="Default suite" finished-at="2022-11-10T13:06:36 IST" duration-ms="28518">
    <groups>
    </groups>
    <test started-at="2022-11-10T13:06:08 IST" name="Default test" finished-at="2022-11-10T13:06:36 IST" duration-ms="28518">
      <class name="com.test.cases.TestScript_1">
        <test-method is-config="true" signature="BrowserSetup()[pri:0, instance:com.test.cases.TestScript_1@644baf4a]" started-at="2022-11-10T13:06:08 IST" name="BrowserSetup" finished-at="2022-11-10T13:06:10 IST" duration-ms="1746" status="PASS">
          <reporter-output>
          </reporter-output>
        </test-method> <!-- BrowserSetup -->
        <test-method signature="LoginFun()[pri:0, instance:com.test.cases.TestScript_1@644baf4a]" started-at="2022-11-10T13:06:10 IST" name="LoginFun" finished-at="2022-11-10T13:06:20 IST" duration-ms="10483" status="PASS">
          <reporter-output>
          </reporter-output>
        </test-method> <!-- LoginFun -->
        <test-method is-config="true" signature="Tearup()[pri:0, instance:com.test.cases.TestScript_1@644baf4a]" started-at="2022-11-10T13:06:20 IST" name="Tearup" finished-at="2022-11-10T13:06:36 IST" duration-ms="16260" status="PASS">
          <reporter-output>
          </reporter-output>
        </test-method> <!-- Tearup -->
      </class> <!-- com.test.cases.TestScript_1 -->
    </test> <!-- Default test -->
  </suite> <!-- Default suite -->
</testng-results>
